{"level":"info","message":"Connected to MongoDB successfully","timestamp":"2025-04-18 12:06:00"}
{"level":"info","message":"Connected to MongoDB successfully","timestamp":"2025-04-18 12:06:27"}
{"level":"info","message":"Connected to MongoDB successfully","timestamp":"2025-04-18 12:08:26"}
{"level":"info","message":"Connected to MongoDB successfully","timestamp":"2025-04-18 12:09:06"}
{"level":"info","message":"Server running in development mode on port 5000","timestamp":"2025-04-18 12:09:06"}
{"level":"info","message":"Connected to MongoDB successfully","timestamp":"2025-04-18 12:21:39"}
{"level":"info","message":"Connected to MongoDB successfully","timestamp":"2025-04-18 12:21:54"}
{"level":"info","message":"Server running in development mode on port 5000","timestamp":"2025-04-18 12:21:54"}
{"errorLabelSet":{},"level":"error","message":"Could not connect to any servers in your MongoDB Atlas cluster. One common reason is that you're trying to access the database from an IP that isn't whitelisted. Make sure your current IP address is on your Atlas cluster's IP whitelist: https://www.mongodb.com/docs/atlas/security-whitelist/","reason":{"commonWireVersion":0,"compatible":true,"heartbeatFrequencyMS":10000,"localThresholdMS":15,"logicalSessionTimeoutMinutes":null,"maxElectionId":null,"maxSetVersion":null,"servers":{"ac-spanh8r-shard-00-00.f3k6ket.mongodb.net:27017":{"$clusterTime":null,"address":"ac-spanh8r-shard-00-00.f3k6ket.mongodb.net:27017","arbiters":[],"electionId":null,"error":{"beforeHandshake":false,"errorLabelSet":{}},"hosts":[],"iscryptd":false,"lastUpdateTime":220756757,"lastWriteDate":0,"logicalSessionTimeoutMinutes":null,"maxBsonObjectSize":null,"maxMessageSizeBytes":null,"maxWireVersion":0,"maxWriteBatchSize":null,"me":null,"minRoundTripTime":0,"minWireVersion":0,"passives":[],"primary":null,"roundTripTime":-1,"setName":null,"setVersion":null,"tags":{},"topologyVersion":null,"type":"Unknown"},"ac-spanh8r-shard-00-01.f3k6ket.mongodb.net:27017":{"$clusterTime":null,"address":"ac-spanh8r-shard-00-01.f3k6ket.mongodb.net:27017","arbiters":[],"electionId":null,"error":{"beforeHandshake":false,"errorLabelSet":{}},"hosts":[],"iscryptd":false,"lastUpdateTime":220756754,"lastWriteDate":0,"logicalSessionTimeoutMinutes":null,"maxBsonObjectSize":null,"maxMessageSizeBytes":null,"maxWireVersion":0,"maxWriteBatchSize":null,"me":null,"minRoundTripTime":0,"minWireVersion":0,"passives":[],"primary":null,"roundTripTime":-1,"setName":null,"setVersion":null,"tags":{},"topologyVersion":null,"type":"Unknown"},"ac-spanh8r-shard-00-02.f3k6ket.mongodb.net:27017":{"$clusterTime":null,"address":"ac-spanh8r-shard-00-02.f3k6ket.mongodb.net:27017","arbiters":[],"electionId":null,"error":{"beforeHandshake":false,"errorLabelSet":{}},"hosts":[],"iscryptd":false,"lastUpdateTime":220756756,"lastWriteDate":0,"logicalSessionTimeoutMinutes":null,"maxBsonObjectSize":null,"maxMessageSizeBytes":null,"maxWireVersion":0,"maxWriteBatchSize":null,"me":null,"minRoundTripTime":0,"minWireVersion":0,"passives":[],"primary":null,"roundTripTime":-1,"setName":null,"setVersion":null,"tags":{},"topologyVersion":null,"type":"Unknown"}},"setName":"atlas-t1k27q-shard-0","stale":false,"type":"ReplicaSetNoPrimary"},"stack":"MongooseServerSelectionError: Could not connect to any servers in your MongoDB Atlas cluster. One common reason is that you're trying to access the database from an IP that isn't whitelisted. Make sure your current IP address is on your Atlas cluster's IP whitelist: https://www.mongodb.com/docs/atlas/security-whitelist/\n    at _handleConnectionErrors (C:\\Users\\Gaurav Sharma\\groweasy-backend\\node_modules\\mongoose\\lib\\connection.js:1165:11)\n    at NativeConnection.openUri (C:\\Users\\Gaurav Sharma\\groweasy-backend\\node_modules\\mongoose\\lib\\connection.js:1096:11)\n    at async connectToDatabase (C:\\Users\\Gaurav Sharma\\groweasy-backend\\config\\database.js:7:5)\n    at async C:\\Users\\Gaurav Sharma\\groweasy-backend\\server.js:16:5","timestamp":"2025-04-18 12:55:23"}
{"errorLabelSet":{},"level":"error","message":"Could not connect to any servers in your MongoDB Atlas cluster. One common reason is that you're trying to access the database from an IP that isn't whitelisted. Make sure your current IP address is on your Atlas cluster's IP whitelist: https://www.mongodb.com/docs/atlas/security-whitelist/","reason":{"commonWireVersion":0,"compatible":true,"heartbeatFrequencyMS":10000,"localThresholdMS":15,"logicalSessionTimeoutMinutes":null,"maxElectionId":null,"maxSetVersion":null,"servers":{"ac-spanh8r-shard-00-00.f3k6ket.mongodb.net:27017":{"$clusterTime":null,"address":"ac-spanh8r-shard-00-00.f3k6ket.mongodb.net:27017","arbiters":[],"electionId":null,"error":{"beforeHandshake":false,"errorLabelSet":{}},"hosts":[],"iscryptd":false,"lastUpdateTime":220820970,"lastWriteDate":0,"logicalSessionTimeoutMinutes":null,"maxBsonObjectSize":null,"maxMessageSizeBytes":null,"maxWireVersion":0,"maxWriteBatchSize":null,"me":null,"minRoundTripTime":0,"minWireVersion":0,"passives":[],"primary":null,"roundTripTime":-1,"setName":null,"setVersion":null,"tags":{},"topologyVersion":null,"type":"Unknown"},"ac-spanh8r-shard-00-01.f3k6ket.mongodb.net:27017":{"$clusterTime":null,"address":"ac-spanh8r-shard-00-01.f3k6ket.mongodb.net:27017","arbiters":[],"electionId":null,"error":{"beforeHandshake":false,"errorLabelSet":{}},"hosts":[],"iscryptd":false,"lastUpdateTime":220820973,"lastWriteDate":0,"logicalSessionTimeoutMinutes":null,"maxBsonObjectSize":null,"maxMessageSizeBytes":null,"maxWireVersion":0,"maxWriteBatchSize":null,"me":null,"minRoundTripTime":0,"minWireVersion":0,"passives":[],"primary":null,"roundTripTime":-1,"setName":null,"setVersion":null,"tags":{},"topologyVersion":null,"type":"Unknown"},"ac-spanh8r-shard-00-02.f3k6ket.mongodb.net:27017":{"$clusterTime":null,"address":"ac-spanh8r-shard-00-02.f3k6ket.mongodb.net:27017","arbiters":[],"electionId":null,"error":{"beforeHandshake":false,"errorLabelSet":{}},"hosts":[],"iscryptd":false,"lastUpdateTime":220820972,"lastWriteDate":0,"logicalSessionTimeoutMinutes":null,"maxBsonObjectSize":null,"maxMessageSizeBytes":null,"maxWireVersion":0,"maxWriteBatchSize":null,"me":null,"minRoundTripTime":0,"minWireVersion":0,"passives":[],"primary":null,"roundTripTime":-1,"setName":null,"setVersion":null,"tags":{},"topologyVersion":null,"type":"Unknown"}},"setName":"atlas-t1k27q-shard-0","stale":false,"type":"ReplicaSetNoPrimary"},"stack":"MongooseServerSelectionError: Could not connect to any servers in your MongoDB Atlas cluster. One common reason is that you're trying to access the database from an IP that isn't whitelisted. Make sure your current IP address is on your Atlas cluster's IP whitelist: https://www.mongodb.com/docs/atlas/security-whitelist/\n    at _handleConnectionErrors (C:\\Users\\Gaurav Sharma\\groweasy-backend\\node_modules\\mongoose\\lib\\connection.js:1165:11)\n    at NativeConnection.openUri (C:\\Users\\Gaurav Sharma\\groweasy-backend\\node_modules\\mongoose\\lib\\connection.js:1096:11)\n    at async connectToDatabase (C:\\Users\\Gaurav Sharma\\groweasy-backend\\config\\database.js:7:5)\n    at async C:\\Users\\Gaurav Sharma\\groweasy-backend\\server.js:16:5","timestamp":"2025-04-18 12:56:27"}
{"level":"info","message":"Connected to MongoDB successfully","timestamp":"2025-04-18 12:57:09"}
{"level":"info","message":"Server running in development mode on port 5000","timestamp":"2025-04-18 12:57:09"}
{"level":"error","message":"Registration error: Cannot read properties of undefined (reading 'secret')","stack":"TypeError: Cannot read properties of undefined (reading 'secret')\n    at signToken (C:\\Users\\Gaurav Sharma\\groweasy-backend\\controllers\\auth.controller.js:9:38)\n    at createSendToken (C:\\Users\\Gaurav Sharma\\groweasy-backend\\controllers\\auth.controller.js:15:17)\n    at exports.register (C:\\Users\\Gaurav Sharma\\groweasy-backend\\controllers\\auth.controller.js:51:5)\n    at process.processTicksAndRejections (node:internal/process/task_queues:105:5)","timestamp":"2025-04-18 12:58:30"}
{"level":"info","message":"Connected to MongoDB successfully","timestamp":"2025-04-18 13:00:00"}
{"level":"info","message":"Server running in development mode on port 5000","timestamp":"2025-04-18 13:00:00"}
{"isOperational":true,"level":"error","message":"Registration error: Email already in use","stack":"Error: Email already in use\n    at exports.register (C:\\Users\\Gaurav Sharma\\groweasy-backend\\controllers\\auth.controller.js:36:13)\n    at process.processTicksAndRejections (node:internal/process/task_queues:105:5)","timestamp":"2025-04-18 13:16:46"}
{"level":"info","message":"Connected to MongoDB successfully","timestamp":"2025-04-18 13:17:00"}
{"level":"info","message":"Server running in development mode on port 5000","timestamp":"2025-04-18 13:17:00"}
{"isOperational":true,"level":"error","message":"Registration error: Email already in use","stack":"Error: Email already in use\n    at exports.register (C:\\Users\\Gaurav Sharma\\groweasy-backend\\controllers\\auth.controller.js:36:13)\n    at process.processTicksAndRejections (node:internal/process/task_queues:105:5)","timestamp":"2025-04-18 13:17:09"}
{"level":"info","message":"Connected to MongoDB successfully","timestamp":"2025-04-18 13:25:41"}
{"level":"info","message":"Server running in development mode on port 5000","timestamp":"2025-04-18 13:25:41"}
{"isOperational":true,"level":"error","message":"Registration error: Email already in use","timestamp":"2025-04-18 13:26:20"}
{"level":"info","message":"Connected to MongoDB successfully","timestamp":"2025-04-18 16:42:59"}
{"level":"info","message":"Server running in development mode on port 5000","timestamp":"2025-04-18 16:42:59"}
{"level":"info","message":"Connected to MongoDB successfully","timestamp":"2025-04-18 17:43:20"}
{"level":"info","message":"Server running in development mode on port 5000","timestamp":"2025-04-18 17:43:20"}
{"level":"info","message":"MFA setup initiated for user: testuser1@example.com","timestamp":"2025-04-18 17:44:12"}
{"level":"info","message":"Connected to MongoDB successfully","timestamp":"2025-04-18 18:00:38"}
{"level":"info","message":"Server running in development mode on port 5000","timestamp":"2025-04-18 18:00:38"}
{"level":"error","message":"Registration error: Cannot read properties of undefined (reading 'secret')","stack":"TypeError: Cannot read properties of undefined (reading 'secret')\n    at signToken (C:\\Users\\Gaurav Sharma\\groweasy-backend\\controllers\\auth.controller.js:11:38)\n    at exports.register (C:\\Users\\Gaurav Sharma\\groweasy-backend\\controllers\\auth.controller.js:33:19)\n    at process.processTicksAndRejections (node:internal/process/task_queues:105:5)","timestamp":"2025-04-18 18:00:57"}
{"level":"info","message":"Connected to MongoDB successfully","timestamp":"2025-04-18 18:07:59"}
{"level":"info","message":"Server running in development mode on port 5000","timestamp":"2025-04-18 18:07:59"}
{"level":"error","message":"Registration error: Cannot read properties of undefined (reading 'secret')","stack":"TypeError: Cannot read properties of undefined (reading 'secret')\n    at signToken (C:\\Users\\Gaurav Sharma\\groweasy-backend\\controllers\\auth.controller.js:11:38)\n    at exports.register (C:\\Users\\Gaurav Sharma\\groweasy-backend\\controllers\\auth.controller.js:30:19)\n    at process.processTicksAndRejections (node:internal/process/task_queues:105:5)","timestamp":"2025-04-18 18:08:18"}
{"level":"info","message":"Connected to MongoDB successfully","timestamp":"2025-04-18 18:10:11"}
{"level":"info","message":"Server running in development mode on port 5000","timestamp":"2025-04-18 18:10:11"}
{"level":"info","message":"Connected to MongoDB successfully","timestamp":"2025-04-18 18:10:49"}
{"level":"info","message":"Server running in development mode on port 5000","timestamp":"2025-04-18 18:10:49"}
{"level":"error","message":"Registration error: Cannot read properties of undefined (reading 'secret')","stack":"TypeError: Cannot read properties of undefined (reading 'secret')\n    at signToken (C:\\Users\\Gaurav Sharma\\groweasy-backend\\controllers\\auth.controller.js:10:38)\n    at exports.register (C:\\Users\\Gaurav Sharma\\groweasy-backend\\controllers\\auth.controller.js:29:19)\n    at process.processTicksAndRejections (node:internal/process/task_queues:105:5)","timestamp":"2025-04-18 18:11:20"}
{"level":"error","message":"Registration error: Cannot read properties of undefined (reading 'secret')","stack":"TypeError: Cannot read properties of undefined (reading 'secret')\n    at signToken (C:\\Users\\Gaurav Sharma\\groweasy-backend\\controllers\\auth.controller.js:10:38)\n    at exports.register (C:\\Users\\Gaurav Sharma\\groweasy-backend\\controllers\\auth.controller.js:29:19)\n    at process.processTicksAndRejections (node:internal/process/task_queues:105:5)","timestamp":"2025-04-18 18:11:34"}
{"level":"info","message":"Connected to MongoDB successfully","timestamp":"2025-04-18 18:15:14"}
{"level":"info","message":"Server running in development mode on port 5000","timestamp":"2025-04-18 18:15:14"}
{"level":"info","message":"Connected to MongoDB successfully","timestamp":"2025-04-18 18:15:54"}
{"level":"info","message":"Server running in development mode on port 5000","timestamp":"2025-04-18 18:15:54"}
{"level":"error","message":"Registration error: Cannot read properties of undefined (reading 'secret')","stack":"TypeError: Cannot read properties of undefined (reading 'secret')\n    at signToken (C:\\Users\\Gaurav Sharma\\groweasy-backend\\controllers\\auth.controller.js:10:38)\n    at exports.register (C:\\Users\\Gaurav Sharma\\groweasy-backend\\controllers\\auth.controller.js:29:19)\n    at process.processTicksAndRejections (node:internal/process/task_queues:105:5)","timestamp":"2025-04-18 18:16:11"}
{"level":"info","message":"Connected to MongoDB successfully","timestamp":"2025-04-18 18:16:48"}
{"level":"info","message":"Server running in development mode on port 5000","timestamp":"2025-04-18 18:16:48"}
{"level":"info","message":"Device fingerprint: undefined","timestamp":"2025-04-18 18:17:17"}
{"level":"info","message":"Connected to MongoDB successfully","timestamp":"2025-04-19 13:05:32"}
{"level":"info","message":"Server running in development mode on port 5000","timestamp":"2025-04-19 13:05:32"}
{"level":"info","message":"Device fingerprint: undefined","timestamp":"2025-04-19 13:07:40"}
{"level":"info","message":"Connected to MongoDB successfully","timestamp":"2025-04-19 13:40:57"}
{"level":"info","message":"Server running in development mode on port 5000","timestamp":"2025-04-19 13:40:57"}
{"level":"info","message":"Connected to MongoDB successfully","timestamp":"2025-04-19 13:43:52"}
{"level":"info","message":"Server running in development mode on port 5000","timestamp":"2025-04-19 13:43:52"}
{"level":"info","message":"Device fingerprint: unique-device-id","timestamp":"2025-04-19 13:44:04"}
{"level":"info","message":"Connected to MongoDB successfully","timestamp":"2025-04-19 13:44:28"}
{"level":"info","message":"Server running in development mode on port 5000","timestamp":"2025-04-19 13:44:28"}
{"level":"info","message":"Connected to MongoDB successfully","timestamp":"2025-04-19 13:44:47"}
{"level":"info","message":"Server running in development mode on port 5000","timestamp":"2025-04-19 13:44:47"}
{"level":"info","message":"Device fingerprint: unique-device-id","timestamp":"2025-04-19 13:45:00"}
{"level":"info","message":"Connected to MongoDB successfully","timestamp":"2025-04-19 13:47:10"}
{"level":"info","message":"Server running in development mode on port 5000","timestamp":"2025-04-19 13:47:10"}
{"level":"info","message":"Connected to MongoDB successfully","timestamp":"2025-04-19 13:48:10"}
{"level":"info","message":"Server running in development mode on port 5000","timestamp":"2025-04-19 13:48:10"}
{"level":"info","message":"Device fingerprint: unique-device-id","timestamp":"2025-04-19 13:49:32"}
{"code":"ERR_HTTP_INVALID_STATUS_CODE","level":"error","message":"MFA verification error: Invalid status code: undefined","stack":"RangeError [ERR_HTTP_INVALID_STATUS_CODE]: Invalid status code: undefined\n    at ServerResponse.writeHead (node:_http_server:358:11)\n    at ServerResponse.writeHead (C:\\Users\\Gaurav Sharma\\groweasy-backend\\node_modules\\on-headers\\index.js:44:26)\n    at ServerResponse._implicitHeader (node:_http_server:344:8)\n    at write_ (node:_http_outgoing:985:9)\n    at ServerResponse.end (node:_http_outgoing:1102:5)\n    at ServerResponse.send (C:\\Users\\Gaurav Sharma\\groweasy-backend\\node_modules\\express\\lib\\response.js:232:10)\n    at ServerResponse.json (C:\\Users\\Gaurav Sharma\\groweasy-backend\\node_modules\\express\\lib\\response.js:278:15)\n    at exports.verifyMFA (C:\\Users\\Gaurav Sharma\\groweasy-backend\\controllers\\auth.controller.js:99:31)\n    at Layer.handle [as handle_request] (C:\\Users\\Gaurav Sharma\\groweasy-backend\\node_modules\\express\\lib\\router\\layer.js:95:5)\n    at next (C:\\Users\\Gaurav Sharma\\groweasy-backend\\node_modules\\express\\lib\\router\\route.js:149:13)","timestamp":"2025-04-19 13:59:57"}
{"level":"info","message":"Connected to MongoDB successfully","timestamp":"2025-04-19 14:08:42"}
{"level":"info","message":"Server running in development mode on port 5000","timestamp":"2025-04-19 14:08:42"}
{"level":"info","message":"Connected to MongoDB successfully","timestamp":"2025-04-19 14:26:49"}
{"level":"info","message":"Server running in development mode on port 5000","timestamp":"2025-04-19 14:26:49"}
{"level":"info","message":"Connected to MongoDB successfully","timestamp":"2025-04-19 14:27:12"}
{"level":"info","message":"Server running in development mode on port 5000","timestamp":"2025-04-19 14:27:12"}
{"level":"info","message":"Device fingerprint: unique-device-id","timestamp":"2025-04-19 14:29:00"}
{"level":"info","message":"Connected to MongoDB successfully","timestamp":"2025-04-19 14:29:52"}
{"level":"info","message":"Server running in development mode on port 5000","timestamp":"2025-04-19 14:29:52"}
{"level":"info","message":"Connected to MongoDB successfully","timestamp":"2025-04-19 17:10:04"}
{"level":"info","message":"Server running in development mode on port 5000","timestamp":"2025-04-19 17:10:04"}
{"level":"info","message":"Connected to MongoDB successfully","timestamp":"2025-04-19 17:12:58"}
{"level":"info","message":"Server running in development mode on port 5000","timestamp":"2025-04-19 17:12:58"}
{"level":"info","message":"Connected to MongoDB successfully","timestamp":"2025-04-19 17:13:04"}
{"level":"info","message":"Server running in development mode on port 5000","timestamp":"2025-04-19 17:13:04"}
{"level":"info","message":"Connected to MongoDB successfully","timestamp":"2025-04-19 17:13:28"}
{"level":"info","message":"Server running in development mode on port 5000","timestamp":"2025-04-19 17:13:28"}
{"level":"info","message":"Connected to MongoDB successfully","timestamp":"2025-04-19 17:13:51"}
{"level":"info","message":"Server running in development mode on port 5000","timestamp":"2025-04-19 17:13:52"}
{"level":"info","message":"Connected to MongoDB successfully","timestamp":"2025-04-19 17:15:19"}
{"level":"info","message":"Server running in development mode on port 5000","timestamp":"2025-04-19 17:15:19"}
{"level":"info","message":"Connected to MongoDB successfully","timestamp":"2025-04-19 17:15:28"}
{"level":"info","message":"Server running in development mode on port 5000","timestamp":"2025-04-19 17:15:28"}
{"level":"info","message":"Connected to MongoDB successfully","timestamp":"2025-04-19 17:15:39"}
{"level":"info","message":"Server running in development mode on port 5000","timestamp":"2025-04-19 17:15:39"}
{"level":"info","message":"Device fingerprint: unique-device-id","timestamp":"2025-04-19 17:39:12"}
{"level":"info","message":"Device fingerprint: unique-device-id","timestamp":"2025-04-19 17:39:28"}
{"level":"info","message":"Connected to MongoDB successfully","timestamp":"2025-04-19 18:01:40"}
{"level":"info","message":"Server running in development mode on port 5000","timestamp":"2025-04-19 18:01:40"}
{"level":"info","message":"Connected to MongoDB successfully","timestamp":"2025-04-19 18:01:55"}
{"level":"info","message":"Server running in development mode on port 5000","timestamp":"2025-04-19 18:01:55"}
{"level":"info","message":"Connected to MongoDB successfully","timestamp":"2025-04-19 18:03:05"}
{"level":"info","message":"Server running in development mode on port 5000","timestamp":"2025-04-19 18:03:05"}
{"code":"ERR_HTTP_INVALID_STATUS_CODE","level":"error","message":"Token refresh error: Invalid status code: undefined","stack":"RangeError [ERR_HTTP_INVALID_STATUS_CODE]: Invalid status code: undefined\n    at ServerResponse.writeHead (node:_http_server:358:11)\n    at ServerResponse.writeHead (C:\\Users\\Gaurav Sharma\\groweasy-backend\\node_modules\\on-headers\\index.js:44:26)\n    at ServerResponse._implicitHeader (node:_http_server:344:8)\n    at write_ (node:_http_outgoing:985:9)\n    at ServerResponse.end (node:_http_outgoing:1102:5)\n    at ServerResponse.send (C:\\Users\\Gaurav Sharma\\groweasy-backend\\node_modules\\express\\lib\\response.js:232:10)\n    at ServerResponse.json (C:\\Users\\Gaurav Sharma\\groweasy-backend\\node_modules\\express\\lib\\response.js:278:15)\n    at exports.refreshTokens (C:\\Users\\Gaurav Sharma\\groweasy-backend\\controllers\\auth.controller.js:143:31)\n    at Layer.handle [as handle_request] (C:\\Users\\Gaurav Sharma\\groweasy-backend\\node_modules\\express\\lib\\router\\layer.js:95:5)\n    at next (C:\\Users\\Gaurav Sharma\\groweasy-backend\\node_modules\\express\\lib\\router\\route.js:149:13)","timestamp":"2025-04-19 18:09:18"}
{"level":"info","message":"Connected to MongoDB successfully","timestamp":"2025-04-19 18:13:00"}
{"level":"info","message":"Server running in development mode on port 5000","timestamp":"2025-04-19 18:13:00"}
{"level":"info","message":"Device fingerprint: unique-device-id","timestamp":"2025-04-19 18:13:07"}
{"code":"ERR_HTTP_INVALID_STATUS_CODE","level":"error","message":"Token refresh error: Invalid status code: undefined","stack":"RangeError [ERR_HTTP_INVALID_STATUS_CODE]: Invalid status code: undefined\n    at ServerResponse.writeHead (node:_http_server:358:11)\n    at ServerResponse.writeHead (C:\\Users\\Gaurav Sharma\\groweasy-backend\\node_modules\\on-headers\\index.js:44:26)\n    at ServerResponse._implicitHeader (node:_http_server:344:8)\n    at write_ (node:_http_outgoing:985:9)\n    at ServerResponse.end (node:_http_outgoing:1102:5)\n    at ServerResponse.send (C:\\Users\\Gaurav Sharma\\groweasy-backend\\node_modules\\express\\lib\\response.js:232:10)\n    at ServerResponse.json (C:\\Users\\Gaurav Sharma\\groweasy-backend\\node_modules\\express\\lib\\response.js:278:15)\n    at exports.refreshTokens (C:\\Users\\Gaurav Sharma\\groweasy-backend\\controllers\\auth.controller.js:143:31)\n    at Layer.handle [as handle_request] (C:\\Users\\Gaurav Sharma\\groweasy-backend\\node_modules\\express\\lib\\router\\layer.js:95:5)\n    at next (C:\\Users\\Gaurav Sharma\\groweasy-backend\\node_modules\\express\\lib\\router\\route.js:149:13)","timestamp":"2025-04-19 18:13:29"}
{"level":"info","message":"Connected to MongoDB successfully","timestamp":"2025-04-19 18:16:31"}
{"level":"info","message":"Server running in development mode on port 5000","timestamp":"2025-04-19 18:16:31"}
{"level":"info","message":"Password reset email sent to: gsharma7078969894@gmail.com","timestamp":"2025-04-19 18:22:38"}
{"level":"info","message":"Connected to MongoDB successfully","timestamp":"2025-04-19 18:25:48"}
{"level":"info","message":"Server running in development mode on port 5000","timestamp":"2025-04-19 18:25:48"}
{"level":"info","message":"Device fingerprint: unique-device-id","timestamp":"2025-04-19 18:25:52"}
{"level":"info","message":"Password reset email sent to: gsharma7078969894@gmail.com","timestamp":"2025-04-19 18:25:57"}
{"level":"info","message":"Connected to MongoDB successfully","timestamp":"2025-04-19 18:28:01"}
{"level":"info","message":"Server running in development mode on port 5000","timestamp":"2025-04-19 18:28:01"}
{"level":"info","message":"Connected to MongoDB successfully","timestamp":"2025-04-19 18:28:20"}
{"level":"info","message":"Server running in development mode on port 5000","timestamp":"2025-04-19 18:28:20"}
{"level":"info","message":"Password reset email sent to: gsharma7078969894@gmail.com","timestamp":"2025-04-19 18:28:28"}
{"cause":{"beforeHandshake":false,"errorLabelSet":{}},"errorLabelSet":{},"level":"error","message":"Password update error: connect ETIMEDOUT 159.41.176.6:27017","reason":{"commonWireVersion":0,"compatible":true,"heartbeatFrequencyMS":10000,"localThresholdMS":15,"logicalSessionTimeoutMinutes":null,"maxElectionId":{"$oid":"7fffffff0000000000000091"},"maxSetVersion":1,"servers":{"ac-spanh8r-shard-00-00.f3k6ket.mongodb.net:27017":{"$clusterTime":null,"address":"ac-spanh8r-shard-00-00.f3k6ket.mongodb.net:27017","arbiters":[],"electionId":null,"error":{"beforeHandshake":false,"errorLabelSet":{}},"hosts":[],"iscryptd":false,"lastUpdateTime":8540239,"lastWriteDate":0,"logicalSessionTimeoutMinutes":null,"maxBsonObjectSize":null,"maxMessageSizeBytes":null,"maxWireVersion":0,"maxWriteBatchSize":null,"me":null,"minRoundTripTime":0,"minWireVersion":0,"passives":[],"primary":null,"roundTripTime":-1,"setName":null,"setVersion":null,"tags":{},"topologyVersion":null,"type":"Unknown"},"ac-spanh8r-shard-00-01.f3k6ket.mongodb.net:27017":{"$clusterTime":null,"address":"ac-spanh8r-shard-00-01.f3k6ket.mongodb.net:27017","arbiters":[],"electionId":null,"error":{"beforeHandshake":false,"errorLabelSet":{}},"hosts":[],"iscryptd":false,"lastUpdateTime":8540239,"lastWriteDate":0,"logicalSessionTimeoutMinutes":null,"maxBsonObjectSize":null,"maxMessageSizeBytes":null,"maxWireVersion":0,"maxWriteBatchSize":null,"me":null,"minRoundTripTime":0,"minWireVersion":0,"passives":[],"primary":null,"roundTripTime":-1,"setName":null,"setVersion":null,"tags":{},"topologyVersion":null,"type":"Unknown"},"ac-spanh8r-shard-00-02.f3k6ket.mongodb.net:27017":{"$clusterTime":null,"address":"ac-spanh8r-shard-00-02.f3k6ket.mongodb.net:27017","arbiters":[],"electionId":null,"error":{"beforeHandshake":false,"errorLabelSet":{}},"hosts":[],"iscryptd":false,"lastUpdateTime":8540238,"lastWriteDate":0,"logicalSessionTimeoutMinutes":null,"maxBsonObjectSize":null,"maxMessageSizeBytes":null,"maxWireVersion":0,"maxWriteBatchSize":null,"me":null,"minRoundTripTime":0,"minWireVersion":0,"passives":[],"primary":null,"roundTripTime":-1,"setName":null,"setVersion":null,"tags":{},"topologyVersion":null,"type":"Unknown"}},"setName":"atlas-t1k27q-shard-0","stale":false,"type":"ReplicaSetNoPrimary"},"stack":"MongoServerSelectionError: connect ETIMEDOUT 159.41.176.6:27017\n    at Topology.selectServer (C:\\Users\\Gaurav Sharma\\groweasy-backend\\node_modules\\mongodb\\lib\\sdam\\topology.js:321:38)\n    at async tryOperation (C:\\Users\\Gaurav Sharma\\groweasy-backend\\node_modules\\mongodb\\lib\\operations\\execute_operation.js:145:18)\n    at async executeOperation (C:\\Users\\Gaurav Sharma\\groweasy-backend\\node_modules\\mongodb\\lib\\operations\\execute_operation.js:75:16)\n    at async FindCursor._initialize (C:\\Users\\Gaurav Sharma\\groweasy-backend\\node_modules\\mongodb\\lib\\cursor\\find_cursor.js:61:26)\n    at async FindCursor.cursorInit (C:\\Users\\Gaurav Sharma\\groweasy-backend\\node_modules\\mongodb\\lib\\cursor\\abstract_cursor.js:633:27)\n    at async FindCursor.fetchBatch (C:\\Users\\Gaurav Sharma\\groweasy-backend\\node_modules\\mongodb\\lib\\cursor\\abstract_cursor.js:667:13)\n    at async FindCursor.next (C:\\Users\\Gaurav Sharma\\groweasy-backend\\node_modules\\mongodb\\lib\\cursor\\abstract_cursor.js:347:17)\n    at async Collection.findOne (C:\\Users\\Gaurav Sharma\\groweasy-backend\\node_modules\\mongodb\\lib\\collection.js:277:21)\n    at async model.Query._findOne (C:\\Users\\Gaurav Sharma\\groweasy-backend\\node_modules\\mongoose\\lib\\query.js:2661:15)\n    at async model.Query.exec (C:\\Users\\Gaurav Sharma\\groweasy-backend\\node_modules\\mongoose\\lib\\query.js:4456:63)","timestamp":"2025-04-19 18:53:50"}
{"errorLabelSet":{},"level":"error","message":"Could not connect to any servers in your MongoDB Atlas cluster. One common reason is that you're trying to access the database from an IP that isn't whitelisted. Make sure your current IP address is on your Atlas cluster's IP whitelist: https://www.mongodb.com/docs/atlas/security-whitelist/","reason":{"commonWireVersion":0,"compatible":true,"heartbeatFrequencyMS":10000,"localThresholdMS":15,"logicalSessionTimeoutMinutes":null,"maxElectionId":null,"maxSetVersion":null,"servers":{"ac-spanh8r-shard-00-00.f3k6ket.mongodb.net:27017":{"$clusterTime":null,"address":"ac-spanh8r-shard-00-00.f3k6ket.mongodb.net:27017","arbiters":[],"electionId":null,"error":{"beforeHandshake":false,"errorLabelSet":{}},"hosts":[],"iscryptd":false,"lastUpdateTime":8734518,"lastWriteDate":0,"logicalSessionTimeoutMinutes":null,"maxBsonObjectSize":null,"maxMessageSizeBytes":null,"maxWireVersion":0,"maxWriteBatchSize":null,"me":null,"minRoundTripTime":0,"minWireVersion":0,"passives":[],"primary":null,"roundTripTime":-1,"setName":null,"setVersion":null,"tags":{},"topologyVersion":null,"type":"Unknown"},"ac-spanh8r-shard-00-01.f3k6ket.mongodb.net:27017":{"$clusterTime":null,"address":"ac-spanh8r-shard-00-01.f3k6ket.mongodb.net:27017","arbiters":[],"electionId":null,"error":{"beforeHandshake":false,"errorLabelSet":{}},"hosts":[],"iscryptd":false,"lastUpdateTime":8734505,"lastWriteDate":0,"logicalSessionTimeoutMinutes":null,"maxBsonObjectSize":null,"maxMessageSizeBytes":null,"maxWireVersion":0,"maxWriteBatchSize":null,"me":null,"minRoundTripTime":0,"minWireVersion":0,"passives":[],"primary":null,"roundTripTime":-1,"setName":null,"setVersion":null,"tags":{},"topologyVersion":null,"type":"Unknown"},"ac-spanh8r-shard-00-02.f3k6ket.mongodb.net:27017":{"$clusterTime":null,"address":"ac-spanh8r-shard-00-02.f3k6ket.mongodb.net:27017","arbiters":[],"electionId":null,"error":{"beforeHandshake":false,"errorLabelSet":{}},"hosts":[],"iscryptd":false,"lastUpdateTime":8734514,"lastWriteDate":0,"logicalSessionTimeoutMinutes":null,"maxBsonObjectSize":null,"maxMessageSizeBytes":null,"maxWireVersion":0,"maxWriteBatchSize":null,"me":null,"minRoundTripTime":0,"minWireVersion":0,"passives":[],"primary":null,"roundTripTime":-1,"setName":null,"setVersion":null,"tags":{},"topologyVersion":null,"type":"Unknown"}},"setName":"atlas-t1k27q-shard-0","stale":false,"type":"ReplicaSetNoPrimary"},"stack":"MongooseServerSelectionError: Could not connect to any servers in your MongoDB Atlas cluster. One common reason is that you're trying to access the database from an IP that isn't whitelisted. Make sure your current IP address is on your Atlas cluster's IP whitelist: https://www.mongodb.com/docs/atlas/security-whitelist/\n    at _handleConnectionErrors (C:\\Users\\Gaurav Sharma\\groweasy-backend\\node_modules\\mongoose\\lib\\connection.js:1165:11)\n    at NativeConnection.openUri (C:\\Users\\Gaurav Sharma\\groweasy-backend\\node_modules\\mongoose\\lib\\connection.js:1096:11)\n    at async connectToDatabase (C:\\Users\\Gaurav Sharma\\groweasy-backend\\config\\database.js:7:5)\n    at async C:\\Users\\Gaurav Sharma\\groweasy-backend\\server.js:16:5","timestamp":"2025-04-19 18:57:04"}
{"0":"C","1":"o","10":"c","100":"i","101":"n","102":"g","103":" ","104":"t","105":"o","106":" ","107":"a","108":"c","109":"c","11":"o","110":"e","111":"s","112":"s","113":" ","114":"t","115":"h","116":"e","117":" ","118":"d","119":"a","12":"n","120":"t","121":"a","122":"b","123":"a","124":"s","125":"e","126":" ","127":"f","128":"r","129":"o","13":"n","130":"m","131":" ","132":"a","133":"n","134":" ","135":"I","136":"P","137":" ","138":"t","139":"h","14":"e","140":"a","141":"t","142":" ","143":"i","144":"s","145":"n","146":"'","147":"t","148":" ","149":"w","15":"c","150":"h","151":"i","152":"t","153":"e","154":"l","155":"i","156":"s","157":"t","158":"e","159":"d","16":"t","160":".","161":" ","162":"M","163":"a","164":"k","165":"e","166":" ","167":"s","168":"u","169":"r","17":" ","170":"e","171":" ","172":"y","173":"o","174":"u","175":"r","176":" ","177":"c","178":"u","179":"r","18":"t","180":"r","181":"e","182":"n","183":"t","184":" ","185":"I","186":"P","187":" ","188":"a","189":"d","19":"o","190":"d","191":"r","192":"e","193":"s","194":"s","195":" ","196":"i","197":"s","198":" ","199":"o","2":"u","20":" ","200":"n","201":" ","202":"y","203":"o","204":"u","205":"r","206":" ","207":"A","208":"t","209":"l","21":"a","210":"a","211":"s","212":" ","213":"c","214":"l","215":"u","216":"s","217":"t","218":"e","219":"r","22":"n","220":"'","221":"s","222":" ","223":"I","224":"P","225":" ","226":"w","227":"h","228":"i","229":"t","23":"y","230":"e","231":"l","232":"i","233":"s","234":"t","235":":","236":" ","237":"h","238":"t","239":"t","24":" ","240":"p","241":"s","242":":","243":"/","244":"/","245":"w","246":"w","247":"w","248":".","249":"m","25":"s","250":"o","251":"n","252":"g","253":"o","254":"d","255":"b","256":".","257":"c","258":"o","259":"m","26":"e","260":"/","261":"d","262":"o","263":"c","264":"s","265":"/","266":"a","267":"t","268":"l","269":"a","27":"r","270":"s","271":"/","272":"s","273":"e","274":"c","275":"u","276":"r","277":"i","278":"t","279":"y","28":"v","280":"-","281":"w","282":"h","283":"i","284":"t","285":"e","286":"l","287":"i","288":"s","289":"t","29":"e","290":"/","3":"l","30":"r","31":"s","32":" ","33":"i","34":"n","35":" ","36":"y","37":"o","38":"u","39":"r","4":"d","40":" ","41":"M","42":"o","43":"n","44":"g","45":"o","46":"D","47":"B","48":" ","49":"A","5":" ","50":"t","51":"l","52":"a","53":"s","54":" ","55":"c","56":"l","57":"u","58":"s","59":"t","6":"n","60":"e","61":"r","62":".","63":" ","64":"O","65":"n","66":"e","67":" ","68":"c","69":"o","7":"o","70":"m","71":"m","72":"o","73":"n","74":" ","75":"r","76":"e","77":"a","78":"s","79":"o","8":"t","80":"n","81":" ","82":"i","83":"s","84":" ","85":"t","86":"h","87":"a","88":"t","89":" ","9":" ","90":"y","91":"o","92":"u","93":"'","94":"r","95":"e","96":" ","97":"t","98":"r","99":"y","level":"error","message":"Error connecting to MongoDB:","timestamp":"2025-04-21 13:01:18"}
{"level":"info","message":"Connected to MongoDB successfully","timestamp":"2025-04-21 13:15:46"}
{"level":"info","message":"Server running in development mode on port 5000","timestamp":"2025-04-21 13:15:46"}
{"level":"info","message":"Connected to MongoDB successfully","timestamp":"2025-04-21 13:16:40"}
{"level":"info","message":"Server running in development mode on port 5000","timestamp":"2025-04-21 13:16:40"}
{"level":"info","message":"Device fingerprint: unique-device-id","timestamp":"2025-04-21 13:18:38"}
{"level":"info","message":"Password reset email sent to: gsharma778969894@gmail.com","timestamp":"2025-04-21 13:20:16"}
{"level":"info","message":"Connected to MongoDB successfully","timestamp":"2025-04-21 13:38:22"}
{"level":"info","message":"Server running in development mode on port 5000","timestamp":"2025-04-21 13:38:22"}
{"level":"info","message":"Connected to MongoDB successfully","timestamp":"2025-04-21 13:38:44"}
{"level":"info","message":"Server running in development mode on port 5000","timestamp":"2025-04-21 13:38:44"}
{"level":"info","message":"Connected to MongoDB successfully","timestamp":"2025-04-21 14:52:15"}
{"level":"info","message":"Server running in development mode on port 5000","timestamp":"2025-04-21 14:52:15"}
{"level":"info","message":"Connected to MongoDB successfully","timestamp":"2025-04-21 15:47:34"}
{"level":"info","message":"Server running in development mode on port 5000","timestamp":"2025-04-21 15:47:34"}
{"level":"info","message":"Connected to MongoDB successfully","timestamp":"2025-04-21 15:52:32"}
{"level":"info","message":"Server running in development mode on port 5000","timestamp":"2025-04-21 15:52:32"}
{"level":"info","message":"Connected to MongoDB successfully","timestamp":"2025-04-21 15:53:10"}
{"level":"info","message":"Server running in development mode on port 5000","timestamp":"2025-04-21 15:53:10"}
{"level":"info","message":"Connected to MongoDB successfully","timestamp":"2025-04-21 15:55:32"}
{"level":"info","message":"Server running in development mode on port 5000","timestamp":"2025-04-21 15:55:32"}
{"level":"info","message":"Connected to MongoDB successfully","timestamp":"2025-04-21 16:34:38"}
{"level":"info","message":"Server running in development mode on port 5000","timestamp":"2025-04-21 16:34:38"}
{"level":"info","message":"Connected to MongoDB successfully","timestamp":"2025-04-21 16:35:52"}
{"level":"info","message":"Server running in development mode on port 5000","timestamp":"2025-04-21 16:35:52"}
{"level":"info","message":"Connected to MongoDB successfully","timestamp":"2025-04-21 16:36:18"}
{"level":"info","message":"Server running in development mode on port 5000","timestamp":"2025-04-21 16:36:18"}
